<?xml version="1.0" encoding="UTF-8"?>
<!-- Generated by org.testng.reporters.JUnitReportReporter -->
<testsuite hostname="DESKTOP-JJF8O9L" failures="0" tests="1" name="rahulshettyacademy.tests.ErrorValidationsTest" time="10.578" errors="0" timestamp="2024-03-30T16:26:17 EDT" skipped="0">
  <testcase classname="rahulshettyacademy.tests.ErrorValidationsTest" name="submitOrder" time="10.578"/>
</testsuite> <!-- rahulshettyacademy.tests.ErrorValidationsTest -->
