<?xml version="1.0" encoding="UTF-8"?>
<!-- Generated by org.testng.reporters.JUnitReportReporter -->
<testsuite hostname="DESKTOP-JJF8O9L" failures="0" tests="1" name="cucumber.TestNGTestRunner" time="29.021" errors="0" timestamp="2024-04-04T16:26:17 EDT" skipped="0">
  <testcase classname="cucumber.TestNGTestRunner" name="runScenario" time="29.021"/>
</testsuite> <!-- cucumber.TestNGTestRunner -->
