<?xml version="1.0" encoding="UTF-8"?>
<!-- Generated by org.testng.reporters.JUnitReportReporter -->
<testsuite hostname="DESKTOP-JJF8O9L" failures="0" tests="1" name="rahulshettyacademy.tests.ErrorValidations" time="8.949" errors="0" timestamp="2024-03-30T16:02:53 EDT" skipped="0">
  <testcase classname="rahulshettyacademy.tests.ErrorValidations" name="submitOrder" time="8.949"/>
</testsuite> <!-- rahulshettyacademy.tests.ErrorValidations -->
